TN:
SF:script/Deploy.s.sol
DA:18,0
FN:18,DeployScript.run
FNDA:0,DeployScript.run
DA:19,0
DA:22,0
DA:33,0
DA:39,0
DA:42,0
DA:45,0
DA:48,0
DA:55,0
DA:58,0
DA:59,0
DA:60,0
DA:61,0
DA:63,0
DA:64,0
DA:65,0
DA:66,0
DA:68,0
DA:71,0
DA:83,0
DA:95,0
DA:106,0
DA:107,0
DA:110,0
DA:113,0
DA:118,0
DA:121,0
DA:124,0
DA:126,0
DA:128,0
DA:129,0
DA:130,0
DA:131,0
DA:132,0
FNF:1
FNH:0
LF:34
LH:0
BRF:0
BRH:0
end_of_record
TN:
SF:src/RevealedSPNFT.sol
DA:52,59
FN:52,RevealedSPNFT.setSPNFTContract
FNDA:59,RevealedSPNFT.setSPNFTContract
DA:53,59
BRDA:53,0,0,-
BRDA:53,0,1,-
DA:54,59
DA:63,60
FN:63,RevealedSPNFT.mintRevealed
FNDA:60,RevealedSPNFT.mintRevealed
DA:68,60
BRDA:68,1,0,-
BRDA:68,1,1,-
DA:72,60
BRDA:72,2,0,-
BRDA:72,2,1,-
DA:74,60
DA:75,60
DA:77,60
DA:87,46
FN:87,RevealedSPNFT.setMetadata
FNDA:46,RevealedSPNFT.setMetadata
DA:93,46
BRDA:93,3,0,46
BRDA:93,3,1,46
DA:99,46
DA:100,46
DA:101,46
DA:102,46
DA:111,1
FN:111,RevealedSPNFT.tokenURI
FNDA:1,RevealedSPNFT.tokenURI
DA:114,1
BRDA:114,4,0,-
BRDA:114,4,1,-
DA:115,1
BRDA:115,5,0,-
BRDA:115,5,1,-
DA:118,1
DA:119,1
DA:120,1
DA:121,1
DA:122,1
DA:125,1
DA:128,1
DA:129,1
DA:130,1
DA:132,1
DA:143,1
FN:143,RevealedSPNFT._formatTokenURI
FNDA:1,RevealedSPNFT._formatTokenURI
DA:149,1
DA:169,1
FNF:5
FNH:5
LF:31
LH:31
BRF:12
BRH:2
end_of_record
TN:
SF:src/SPNFT.sol
DA:78,47
FN:78,SPNFT.constructor
FNDA:47,SPNFT.constructor
DA:91,47
DA:92,47
DA:93,47
DA:94,47
DA:95,47
DA:96,47
DA:99,47
DA:106,202
FN:106,SPNFT.mint
FNDA:202,SPNFT.mint
DA:107,202
BRDA:107,0,0,-
BRDA:107,0,1,-
DA:108,201
BRDA:108,1,0,-
BRDA:108,1,1,-
DA:109,201
BRDA:109,2,0,-
BRDA:109,2,1,-
DA:111,200
DA:112,200
DA:115,200
BRDA:115,3,0,1
DA:116,1
DA:119,1
BRDA:119,4,0,-
BRDA:119,4,1,-
DA:121,200
DA:122,0
DA:135,70
FN:135,SPNFT.setRevealType
FNDA:70,SPNFT.setRevealType
DA:136,70
BRDA:136,5,0,-
BRDA:136,5,1,-
DA:137,69
DA:138,70
DA:145,59
FN:145,SPNFT.setRevealedCollectionAddress
FNDA:59,SPNFT.setRevealedCollectionAddress
DA:148,59
BRDA:148,6,0,-
BRDA:148,6,1,-
DA:152,59
DA:153,59
DA:161,103
FN:161,SPNFT.requestReveal
FNDA:103,SPNFT.requestReveal
DA:162,103
BRDA:162,7,0,-
BRDA:162,7,1,-
DA:163,102
BRDA:163,8,0,-
BRDA:163,8,1,-
DA:164,102
BRDA:164,9,0,-
BRDA:164,9,1,-
DA:165,101
BRDA:165,10,0,-
BRDA:165,10,1,-
DA:169,101
DA:170,101
DA:173,101
DA:181,101
DA:182,101
DA:184,101
DA:192,1
FN:192,SPNFT.batchRequestReveal
FNDA:1,SPNFT.batchRequestReveal
DA:195,1
BRDA:195,11,0,-
BRDA:195,11,1,-
DA:197,1
DA:198,2
DA:199,2
BRDA:199,12,0,-
BRDA:199,12,1,-
DA:200,2
BRDA:200,13,0,-
BRDA:200,13,1,-
DA:207,1
DA:215,1
DA:216,1
DA:218,1
DA:231,100
FN:231,SPNFT.fulfillRandomWords
FNDA:100,SPNFT.fulfillRandomWords
DA:235,100
DA:236,100
DA:238,100
DA:239,100
DA:243,100
DA:246,100
DA:247,100
DA:255,100
DA:256,60
DA:257,60
BRDA:257,14,0,60
DA:258,60
DA:259,60
DA:262,60
DA:271,100
DA:274,100
DA:288,59
FN:288,SPNFT.setMetadata
FNDA:59,SPNFT.setMetadata
DA:294,59
BRDA:294,15,0,59
BRDA:294,15,1,59
DA:300,59
DA:301,59
DA:302,59
DA:303,59
DA:311,4
FN:311,SPNFT.tokenURI
FNDA:4,SPNFT.tokenURI
DA:314,4
BRDA:314,16,0,-
BRDA:314,16,1,-
DA:317,4
BRDA:317,17,0,3
DA:318,3
DA:323,1
DA:324,0
DA:325,1
BRDA:325,18,0,1
DA:326,1
DA:329,0
DA:337,6
FN:337,SPNFT.generateUnrevealedMetadata
FNDA:6,SPNFT.generateUnrevealedMetadata
DA:340,6
DA:343,6
DA:345,6
DA:347,6
DA:350,6
DA:358,6
DA:361,6
DA:369,3
FN:369,SPNFT.generateRevealedMetadata
FNDA:3,SPNFT.generateRevealedMetadata
DA:372,3
BRDA:372,19,0,-
BRDA:372,19,1,-
DA:374,3
DA:375,3
DA:376,3
DA:377,3
DA:378,3
DA:380,3
DA:383,3
DA:384,3
DA:385,3
DA:387,3
DA:399,9
FN:399,SPNFT._formatTokenURI
FNDA:9,SPNFT._formatTokenURI
DA:407,9
DA:427,9
DA:438,60
FN:438,SPNFT.setMintEnabled
FNDA:60,SPNFT.setMintEnabled
DA:439,60
DA:446,83
FN:446,SPNFT.setRevealEnabled
FNDA:83,SPNFT.setRevealEnabled
DA:447,83
DA:454,0
FN:454,SPNFT.setMintPrice
FNDA:0,SPNFT.setMintPrice
DA:455,0
DA:462,0
FN:462,SPNFT.setMaxSupply
FNDA:0,SPNFT.setMaxSupply
DA:463,0
BRDA:463,20,0,-
BRDA:463,20,1,-
DA:467,0
DA:474,0
FN:474,SPNFT.setRevealBatchSize
FNDA:0,SPNFT.setRevealBatchSize
DA:475,0
BRDA:475,21,0,-
BRDA:475,21,1,-
DA:479,0
DA:485,0
FN:485,SPNFT.withdraw
FNDA:0,SPNFT.withdraw
DA:486,0
DA:487,0
BRDA:487,22,0,-
BRDA:487,22,1,-
DA:488,0
DA:489,0
BRDA:489,23,0,-
BRDA:489,23,1,-
FNF:18
FNH:14
LF:119
LH:103
BRF:44
BRH:6
end_of_record
TN:
SF:src/SPNFTStaking.sol
DA:86,21
FN:86,SPNFTStaking.constructor
FNDA:21,SPNFTStaking.constructor
DA:91,21
DA:92,21
DA:93,21
DA:95,21
DA:103,52
FN:103,SPNFTStaking.stake
FNDA:52,SPNFTStaking.stake
DA:105,52
DA:110,26
BRDA:110,0,0,52
BRDA:110,0,1,-
DA:116,52
BRDA:116,1,0,26
DA:118,26
BRDA:118,2,0,26
BRDA:118,2,1,-
DA:127,52
DA:136,52
BRDA:136,3,0,26
BRDA:136,3,1,26
DA:137,26
DA:139,26
DA:143,52
DA:145,52
DA:154,26
FN:154,SPNFTStaking.calculateRewards
FNDA:26,SPNFTStaking.calculateRewards
DA:158,26
DA:159,26
BRDA:159,4,0,-
BRDA:159,4,1,-
DA:161,26
DA:162,26
DA:165,26
DA:168,0
DA:176,5
FN:176,SPNFTStaking.unstake
FNDA:5,SPNFTStaking.unstake
DA:177,5
DA:178,5
BRDA:178,5,0,-
BRDA:178,5,1,-
DA:181,3
DA:184,3
DA:189,3
BRDA:189,6,0,2
BRDA:189,6,1,1
DA:190,2
DA:196,1
DA:204,3
DA:207,3
BRDA:207,7,0,3
DA:208,3
DA:209,3
DA:219,3
DA:221,3
DA:229,5
FN:229,SPNFTStaking.claimRewards
FNDA:5,SPNFTStaking.claimRewards
DA:233,5
DA:234,5
BRDA:234,8,0,-
BRDA:234,8,1,-
DA:237,3
DA:238,3
BRDA:238,9,0,-
BRDA:238,9,1,-
DA:241,3
DA:244,1
DA:246,1
DA:260,1
FN:260,SPNFTStaking.getStakedOriginalTokens
FNDA:1,SPNFTStaking.getStakedOriginalTokens
DA:263,1
DA:271,1
FN:271,SPNFTStaking.getStakedRevealedTokens
FNDA:1,SPNFTStaking.getStakedRevealedTokens
DA:274,1
DA:283,5
FN:283,SPNFTStaking.getAllStakedTokens
FNDA:5,SPNFTStaking.getAllStakedTokens
DA:293,5
DA:302,3
FN:302,SPNFTStaking._removeTokenFromStakedList
FNDA:3,SPNFTStaking._removeTokenFromStakedList
DA:307,3
DA:308,3
DA:311,3
DA:312,3
DA:313,3
BRDA:313,10,0,3
DA:314,3
DA:315,3
DA:320,3
BRDA:320,11,0,3
DA:322,3
DA:324,3
DA:333,6
FN:333,SPNFTStaking.getTotalStakedByOwner
FNDA:6,SPNFTStaking.getTotalStakedByOwner
DA:336,6
DA:337,6
DA:346,2
FN:346,SPNFTStaking.getTotalPendingRewards
FNDA:2,SPNFTStaking.getTotalPendingRewards
DA:349,2
DA:352,2
DA:353,2
DA:354,4
DA:360,2
DA:361,2
DA:362,4
DA:367,0
DA:374,0
FN:374,SPNFTStaking.setOriginalSPNFT
FNDA:0,SPNFTStaking.setOriginalSPNFT
DA:375,0
DA:382,0
FN:382,SPNFTStaking.setRevealedSPNFT
FNDA:0,SPNFTStaking.setRevealedSPNFT
DA:383,0
DA:390,0
FN:390,SPNFTStaking.setRewardToken
FNDA:0,SPNFTStaking.setRewardToken
DA:391,0
FNF:14
FNH:11
LF:80
LH:72
BRF:20
BRH:10
end_of_record
TN:
SF:src/SPToken.sol
DA:32,21
FN:32,SPToken.setStakingContract
FNDA:21,SPToken.setStakingContract
DA:33,21
BRDA:33,0,0,-
BRDA:33,0,1,-
DA:34,21
DA:35,21
DA:43,4
FN:43,SPToken.mint
FNDA:4,SPToken.mint
DA:44,4
BRDA:44,1,0,-
BRDA:44,1,1,-
DA:48,4
DA:55,0
FN:55,SPToken.burn
FNDA:0,SPToken.burn
DA:56,0
FNF:3
FNH:2
LF:9
LH:7
BRF:4
BRH:0
end_of_record
TN:
SF:test/SPNFTDeployedState.t.sol
DA:15,25
FN:15,SPNFTDeployedState.setUp
FNDA:25,SPNFTDeployedState.setUp
DA:16,0
DA:18,25
DA:21,25
DA:32,25
DA:35,25
DA:38,25
DA:41,25
DA:42,25
DA:45,25
DA:47,25
DA:50,25
DA:51,25
DA:55,64
FN:55,SPNFTDeployedState._dealTokens
FNDA:64,SPNFTDeployedState._dealTokens
DA:56,64
FNF:2
FNH:2
LF:15
LH:14
BRF:0
BRH:0
end_of_record
TN:
SF:test/SPNFTInCollectionRevealState.t.sol
DA:13,3
FN:13,SPNFTInCollectionRevealState.setUp
FNDA:3,SPNFTInCollectionRevealState.setUp
DA:14,0
DA:17,3
DA:19,3
DA:21,3
DA:23,3
DA:24,3
DA:27,3
DA:30,3
DA:38,3
DA:39,3
DA:42,3
DA:43,3
DA:46,3
FNF:1
FNH:1
LF:14
LH:13
BRF:0
BRH:0
end_of_record
TN:
SF:test/SPNFTMintedState.t.sol
DA:14,17
FN:14,SPNFTMintedState.setUp
FNDA:17,SPNFTMintedState.setUp
DA:15,0
DA:18,17
DA:19,17
DA:21,17
DA:22,17
DA:23,17
DA:24,17
DA:26,17
DA:27,17
FNF:1
FNH:1
LF:10
LH:9
BRF:0
BRH:0
end_of_record
TN:
SF:test/SPNFTRevealEnabledState.t.sol
DA:15,13
FN:15,SPNFTRevealEnabledState.setUp
FNDA:13,SPNFTRevealEnabledState.setUp
DA:17,0
DA:19,13
DA:22,13
DA:23,13
DA:24,13
DA:27,13
DA:30,13
DA:32,13
DA:36,13
DA:37,13
DA:39,13
DA:40,13
DA:41,13
DA:42,13
DA:44,13
DA:45,13
DA:47,13
DA:50,10
FN:50,SPNFTRevealEnabledState._simulateVRFCallback
FNDA:10,SPNFTRevealEnabledState._simulateVRFCallback
DA:54,10
DA:55,10
DA:56,10
DA:58,10
DA:59,10
FNF:2
FNH:2
LF:24
LH:23
BRF:0
BRH:0
end_of_record
TN:
SF:test/SPNFTSeparateCollectionRevealState.t.sol
DA:15,5
FN:15,SPNFTSeparateCollectionRevealState.setUp
FNDA:5,SPNFTSeparateCollectionRevealState.setUp
DA:16,0
DA:19,5
DA:20,5
DA:21,5
DA:22,5
DA:23,5
DA:26,5
DA:29,5
DA:37,5
DA:38,5
DA:41,5
DA:42,5
DA:45,5
FNF:1
FNH:1
LF:14
LH:13
BRF:0
BRH:0
end_of_record
TN:
SF:test/StakingDeployedState.t.sol
DA:17,21
FN:17,StakingDeployedState.setUp
FNDA:21,StakingDeployedState.setUp
DA:18,0
DA:20,21
DA:23,21
DA:34,21
DA:37,21
DA:38,21
DA:41,21
DA:44,21
DA:47,21
DA:54,21
DA:57,21
DA:58,21
DA:61,21
DA:63,21
DA:66,21
DA:67,21
DA:68,21
DA:69,21
DA:75,90
FN:75,StakingDeployedState._simulateVRFCallback
FNDA:90,StakingDeployedState._simulateVRFCallback
DA:79,90
DA:80,90
DA:82,90
DA:83,90
FNF:2
FNH:2
LF:24
LH:23
BRF:0
BRH:0
end_of_record
TN:
SF:test/StakingLongTermState.t.sol
DA:11,2
FN:11,StakingLongTermState.setUp
FNDA:2,StakingLongTermState.setUp
DA:12,0
DA:15,2
FNF:1
FNH:1
LF:3
LH:2
BRF:0
BRH:0
end_of_record
TN:
SF:test/StakingNFTsMintedState.t.sol
DA:21,18
FN:21,StakingNFTsMintedState.setUp
FNDA:18,StakingNFTsMintedState.setUp
DA:22,0
DA:25,18
DA:26,18
DA:29,18
DA:30,18
DA:31,18
DA:32,18
DA:35,18
DA:36,18
DA:37,18
DA:42,18
DA:43,18
DA:46,18
DA:47,18
DA:48,18
DA:49,18
DA:51,18
DA:52,18
DA:53,18
DA:56,18
DA:57,18
DA:60,18
DA:61,18
DA:62,18
DA:65,18
DA:73,18
DA:74,18
DA:75,18
DA:78,18
DA:86,18
DA:87,18
DA:88,18
DA:91,18
DA:99,18
DA:100,18
DA:103,18
DA:104,18
DA:105,18
DA:109,18
DA:110,18
DA:112,18
DA:116,18
DA:120,18
DA:124,18
DA:130,18
DA:134,18
DA:140,18
DA:141,18
DA:142,18
DA:143,18
DA:144,18
DA:147,18
DA:148,18
DA:150,18
DA:158,18
DA:159,18
DA:160,18
DA:162,18
DA:170,18
DA:171,18
DA:172,18
DA:174,18
DA:175,18
FNF:1
FNH:1
LF:64
LH:63
BRF:0
BRH:0
end_of_record
TN:
SF:test/StakingNFTsStakedState.t.sol
DA:11,12
FN:11,StakingNFTsStakedState.setUp
FNDA:12,StakingNFTsStakedState.setUp
DA:12,0
DA:15,12
DA:17,12
DA:18,12
DA:20,12
DA:21,12
DA:24,12
DA:25,12
DA:27,12
DA:28,12
DA:30,12
FNF:1
FNH:1
LF:12
LH:11
BRF:0
BRH:0
end_of_record
TN:
SF:test/StateZero.t.sol
DA:35,46
FN:35,StateZero.setUp
FNDA:46,StateZero.setUp
DA:37,46
DA:38,46
DA:39,46
DA:42,46
DA:43,46
DA:44,46
DA:47,46
DA:48,46
DA:51,0
DA:53,46
DA:54,46
DA:55,46
DA:56,46
DA:59,46
FN:59,StateZero.setupSampleMetadata
FNDA:46,StateZero.setupSampleMetadata
DA:60,46
DA:61,46
DA:62,46
DA:63,46
DA:65,46
DA:66,46
DA:67,46
DA:68,46
DA:70,46
DA:71,46
DA:74,46
DA:77,46
DA:81,46
DA:82,46
DA:85,46
DA:88,46
FNF:2
FNH:2
LF:31
LH:30
BRF:0
BRH:0
end_of_record
